2017-05-23 13:10:24.699+0000 WARN  [o.n.i.p.PageCache] The dbms.memory.pagecache.size setting has not been configured. It is recommended that this setting is always explicitly configured, to ensure the system has a balanced configuration. Until then, a computed heuristic value of 3311935488 bytes will be used instead. 
2017-05-23 13:10:24.724+0000 INFO  [o.n.k.i.f.CommunityEditionModule] No locking implementation specified, defaulting to 'community'
2017-05-23 13:10:24.730+0000 INFO  [o.n.k.AvailabilityGuard] Requirement makes database unavailable: Database available
2017-05-23 13:10:24.730+0000 INFO  [o.n.k.i.DiagnosticsManager] --- INITIALIZED diagnostics START ---
2017-05-23 13:10:24.730+0000 INFO  [o.n.k.i.DiagnosticsManager] Neo4j Kernel properties:
2017-05-23 13:10:24.730+0000 INFO  [o.n.k.i.DiagnosticsManager] dbms.connector.http.enabled=true
2017-05-23 13:10:24.730+0000 INFO  [o.n.k.i.DiagnosticsManager] dbms.security.auth_enabled=true
2017-05-23 13:10:24.730+0000 INFO  [o.n.k.i.DiagnosticsManager] dbms.logs.http.enabled=false
2017-05-23 13:10:24.730+0000 INFO  [o.n.k.i.DiagnosticsManager] unsupported.dbms.directories.neo4j_home=D:\Data engi python\From scratch 2
2017-05-23 13:10:24.730+0000 INFO  [o.n.k.i.DiagnosticsManager] dbms.directories.import=import
2017-05-23 13:10:24.730+0000 INFO  [o.n.k.i.DiagnosticsManager] unsupported.dbms.edition=community
2017-05-23 13:10:24.730+0000 INFO  [o.n.k.i.DiagnosticsManager] dbms.connector.bolt.enabled=true
2017-05-23 13:10:24.730+0000 INFO  [o.n.k.i.DiagnosticsManager] dbms.connector.https.enabled=true
2017-05-23 13:10:24.730+0000 INFO  [o.n.k.i.DiagnosticsManager] unsupported.dbms.directories.database=D:\Data engi python\From scratch 2
2017-05-23 13:10:24.730+0000 INFO  [o.n.k.i.DiagnosticsManager] Diagnostics providers:
2017-05-23 13:10:24.730+0000 INFO  [o.n.k.i.DiagnosticsManager] org.neo4j.kernel.configuration.Config
2017-05-23 13:10:24.730+0000 INFO  [o.n.k.i.DiagnosticsManager] org.neo4j.kernel.info.DiagnosticsManager
2017-05-23 13:10:24.730+0000 INFO  [o.n.k.i.DiagnosticsManager] SYSTEM_MEMORY
2017-05-23 13:10:24.730+0000 INFO  [o.n.k.i.DiagnosticsManager] JAVA_MEMORY
2017-05-23 13:10:24.730+0000 INFO  [o.n.k.i.DiagnosticsManager] OPERATING_SYSTEM
2017-05-23 13:10:24.730+0000 INFO  [o.n.k.i.DiagnosticsManager] JAVA_VIRTUAL_MACHINE
2017-05-23 13:10:24.730+0000 INFO  [o.n.k.i.DiagnosticsManager] CLASSPATH
2017-05-23 13:10:24.730+0000 INFO  [o.n.k.i.DiagnosticsManager] LIBRARY_PATH
2017-05-23 13:10:24.730+0000 INFO  [o.n.k.i.DiagnosticsManager] SYSTEM_PROPERTIES
2017-05-23 13:10:24.730+0000 INFO  [o.n.k.i.DiagnosticsManager] NETWORK
2017-05-23 13:10:24.730+0000 INFO  [o.n.k.i.DiagnosticsManager] System memory information:
2017-05-23 13:10:24.730+0000 INFO  [o.n.k.i.DiagnosticsManager] Total Physical memory: 7,93 GB
2017-05-23 13:10:24.730+0000 INFO  [o.n.k.i.DiagnosticsManager] Free Physical memory: 2,65 GB
2017-05-23 13:10:24.730+0000 INFO  [o.n.k.i.DiagnosticsManager] Committed virtual memory: 1,08 GB
2017-05-23 13:10:24.730+0000 INFO  [o.n.k.i.DiagnosticsManager] Total swap space: 15,86 GB
2017-05-23 13:10:24.730+0000 INFO  [o.n.k.i.DiagnosticsManager] Free swap space: 7,17 GB
2017-05-23 13:10:24.730+0000 INFO  [o.n.k.i.DiagnosticsManager] JVM memory information:
2017-05-23 13:10:24.730+0000 INFO  [o.n.k.i.DiagnosticsManager] Free  memory: 85,64 MB
2017-05-23 13:10:24.730+0000 INFO  [o.n.k.i.DiagnosticsManager] Total memory: 369,50 MB
2017-05-23 13:10:24.730+0000 INFO  [o.n.k.i.DiagnosticsManager] Max   memory: 1,76 GB
2017-05-23 13:10:24.730+0000 INFO  [o.n.k.i.DiagnosticsManager] Garbage Collector: PS Scavenge: [PS Eden Space, PS Survivor Space]
2017-05-23 13:10:24.730+0000 INFO  [o.n.k.i.DiagnosticsManager] Garbage Collector: PS MarkSweep: [PS Eden Space, PS Survivor Space, PS Old Gen]
2017-05-23 13:10:24.730+0000 INFO  [o.n.k.i.DiagnosticsManager] Memory Pool: Code Cache (Non-heap memory): committed=52,63 MB, used=52,22 MB, max=240,00 MB, threshold=0,00 B
2017-05-23 13:10:24.730+0000 INFO  [o.n.k.i.DiagnosticsManager] Memory Pool: Metaspace (Non-heap memory): committed=82,79 MB, used=80,64 MB, max=-1,00 B, threshold=0,00 B
2017-05-23 13:10:24.731+0000 INFO  [o.n.k.i.DiagnosticsManager] Memory Pool: Compressed Class Space (Non-heap memory): committed=12,29 MB, used=11,94 MB, max=1,00 GB, threshold=0,00 B
2017-05-23 13:10:24.731+0000 INFO  [o.n.k.i.DiagnosticsManager] Memory Pool: PS Eden Space (Heap memory): committed=113,00 MB, used=91,60 MB, max=550,00 MB, threshold=?
2017-05-23 13:10:24.731+0000 INFO  [o.n.k.i.DiagnosticsManager] Memory Pool: PS Survivor Space (Heap memory): committed=63,00 MB, used=35,71 MB, max=63,00 MB, threshold=?
2017-05-23 13:10:24.731+0000 INFO  [o.n.k.i.DiagnosticsManager] Memory Pool: PS Old Gen (Heap memory): committed=193,50 MB, used=156,55 MB, max=1,32 GB, threshold=0,00 B
2017-05-23 13:10:24.731+0000 INFO  [o.n.k.i.DiagnosticsManager] Operating system information:
2017-05-23 13:10:24.731+0000 INFO  [o.n.k.i.DiagnosticsManager] Operating System: Windows 7; version: 6.1; arch: amd64; cpus: 8
2017-05-23 13:10:24.731+0000 INFO  [o.n.k.i.DiagnosticsManager] Process id: 6744@S131072
2017-05-23 13:10:24.731+0000 INFO  [o.n.k.i.DiagnosticsManager] Byte order: LITTLE_ENDIAN
2017-05-23 13:10:24.731+0000 INFO  [o.n.k.i.DiagnosticsManager] Local timezone: Europe/Berlin
2017-05-23 13:10:24.731+0000 INFO  [o.n.k.i.DiagnosticsManager] JVM information:
2017-05-23 13:10:24.731+0000 INFO  [o.n.k.i.DiagnosticsManager] VM Name: Java HotSpot(TM) 64-Bit Server VM
2017-05-23 13:10:24.731+0000 INFO  [o.n.k.i.DiagnosticsManager] VM Vendor: Oracle Corporation
2017-05-23 13:10:24.731+0000 INFO  [o.n.k.i.DiagnosticsManager] VM Version: 25.31-b07
2017-05-23 13:10:24.731+0000 INFO  [o.n.k.i.DiagnosticsManager] JIT compiler: HotSpot 64-Bit Tiered Compilers
2017-05-23 13:10:24.731+0000 INFO  [o.n.k.i.DiagnosticsManager] VM Arguments: [-Dexe4j.semaphoreName=Local\c:_program_files_neo4j_ce_3.1.4_bin_neo4j-ce.exe, -Dexe4j.isInstall4j=true, -Dexe4j.moduleName=C:\Program Files\Neo4j CE 3.1.4\bin\neo4j-ce.exe, -Dexe4j.tempDir=, -Dexe4j.unextractedPosition=0, -Djava.library.path=C:\Program Files (x86)\Rockwell Software\RSCommon;C:\ProgramData\Oracle\Java\javapath;C:\Program Files\Common Files\Microsoft Shared\Windows Live;C:\Program Files (x86)\Intel\iCLS Client\;C:\Program Files\Intel\iCLS Client\;C:\Program Files (x86)\AMD APP\bin\x86_64;C:\Program Files (x86)\AMD APP\bin\x86;C:\Windows\system32;C:\Windows;C:\Windows\System32\Wbem;C:\Windows\System32\WindowsPowerShell\v1.0\;C:\Program Files (x86)\ATI Technologies\ATI.ACE\Core-Static;C:\Program Files\WIDCOMM\Bluetooth Software\;C:\Program Files\WIDCOMM\Bluetooth Software\syswow64;C:\Program Files\Intel\Intel(R) Management Engine Components\DAL;C:\Program Files\Intel\Intel(R) Management Engine Components\IPT;C:\Program Files (x86)\Intel\Intel(R) Management Engine Components\DAL;C:\Program Files (x86)\Intel\Intel(R) Management Engine Components\IPT;C:\Program Files\MiKTeX 2.9\miktex\bin\x64\;C:\Program Files\Calibre2\;C:\Program Files (x86)\GNU\GnuPG\pub;C:\Program Files\Common Files\Autodesk Shared\;C:\Program Files (x86)\Heroku\bin;C:\Program Files (x86)\git\cmd;C:\Program Files (x86)\AMD\ATI.ACE\Core-Static;C:\Program Files (x86)\Skype\Phone\;C:\Program Files\nodejs\;C:\Program Files (x86)\Microsoft SQL Server\100\Tools\Binn\;C:\Program Files (x86)\Microsoft SQL Server\100\DTS\Binn\;C:\Users\s131072\AppData\Local\Continuum\Anaconda3;C:\Users\s131072\AppData\Local\Continuum\Anaconda3\Scripts;C:\Users\s131072\AppData\Local\Continuum\Anaconda3\Library\bin;C:\Users\s131072\AppData\Local\Programs\Python\Launcher\;C:\Python27\Lib\site-packages\PyQt4;C:\Program Files\Common Files\Microsoft Shared\Windows Live;C:\Program Files (x86)\SSH Communications Security\SSH Secure Shell;C:\Python27;C:\Python27\DLLs;C:\Python27\Scripts;C:\Python27\gnuplot\binary;C:\Program Files (x86)\pythonxy\SciTE-3.5.1-4;C:\Program Files (x86)\pythonxy\console;C:\Users\s131072\AppData\Roaming\npm;c:\program files\java\jre1.8.0_31\bin, -Dexe4j.consoleCodepage=cp0, -Dinstall4j.launcherId=24, -Dinstall4j.swt=false]
2017-05-23 13:10:24.731+0000 INFO  [o.n.k.i.DiagnosticsManager] Java classpath:
2017-05-23 13:10:24.734+0000 INFO  [o.n.k.i.DiagnosticsManager]  [loader.1] file:/C:/Program%20Files/Java/jre1.8.0_31/lib/ext/sunec.jar
2017-05-23 13:10:24.734+0000 INFO  [o.n.k.i.DiagnosticsManager]  [classpath] C:\Program Files\Neo4j CE 3.1.4\.install4j\i4jruntime.jar
2017-05-23 13:10:24.734+0000 INFO  [o.n.k.i.DiagnosticsManager]  [classpath] C:\Program Files\Neo4j CE 3.1.4\bin\neo4j-desktop-3.1.4.jar
2017-05-23 13:10:24.734+0000 INFO  [o.n.k.i.DiagnosticsManager]  [classpath] C:\Program Files\Neo4j CE 3.1.4\plugins\apoc-3.1.3.7-all.jar
2017-05-23 13:10:24.734+0000 INFO  [o.n.k.i.DiagnosticsManager]  [bootstrap] C:\Program Files\Java\jre1.8.0_31\lib\jce.jar
2017-05-23 13:10:24.734+0000 INFO  [o.n.k.i.DiagnosticsManager]  [loader.1] file:/C:/Program%20Files/Java/jre1.8.0_31/lib/ext/access-bridge-64.jar
2017-05-23 13:10:24.734+0000 INFO  [o.n.k.i.DiagnosticsManager]  [loader.1] file:/C:/Program%20Files/Java/jre1.8.0_31/lib/ext/dnsns.jar
2017-05-23 13:10:24.734+0000 INFO  [o.n.k.i.DiagnosticsManager]  [bootstrap] C:\Program Files\Java\jre1.8.0_31\lib\sunrsasign.jar
2017-05-23 13:10:24.734+0000 INFO  [o.n.k.i.DiagnosticsManager]  [loader.1] file:/C:/Program%20Files/Java/jre1.8.0_31/lib/ext/cldrdata.jar
2017-05-23 13:10:24.734+0000 INFO  [o.n.k.i.DiagnosticsManager]  [loader.1] file:/C:/Program%20Files/Java/jre1.8.0_31/lib/ext/jfxrt.jar
2017-05-23 13:10:24.734+0000 INFO  [o.n.k.i.DiagnosticsManager]  [loader.1] file:/C:/Program%20Files/Java/jre1.8.0_31/lib/ext/sunmscapi.jar
2017-05-23 13:10:24.734+0000 INFO  [o.n.k.i.DiagnosticsManager]  [bootstrap] C:\Program Files\Java\jre1.8.0_31\lib\charsets.jar
2017-05-23 13:10:24.734+0000 INFO  [o.n.k.i.DiagnosticsManager]  [loader.0] file:/C:/Program%20Files/Neo4j%20CE%203.1.4/bin/neo4j-desktop-3.1.4.jar
2017-05-23 13:10:24.734+0000 INFO  [o.n.k.i.DiagnosticsManager]  [loader.1] file:/C:/Program%20Files/Java/jre1.8.0_31/lib/ext/jaccess.jar
2017-05-23 13:10:24.734+0000 INFO  [o.n.k.i.DiagnosticsManager]  [bootstrap] C:\Program Files\Java\jre1.8.0_31\lib\rt.jar
2017-05-23 13:10:24.734+0000 INFO  [o.n.k.i.DiagnosticsManager]  [bootstrap] C:\Program Files\Java\jre1.8.0_31\lib\resources.jar
2017-05-23 13:10:24.734+0000 INFO  [o.n.k.i.DiagnosticsManager]  [loader.0] file:/C:/Program%20Files/Neo4j%20CE%203.1.4/.install4j/i4jruntime.jar
2017-05-23 13:10:24.734+0000 INFO  [o.n.k.i.DiagnosticsManager]  [bootstrap] C:\Program Files\Java\jre1.8.0_31\lib\jfr.jar
2017-05-23 13:10:24.734+0000 INFO  [o.n.k.i.DiagnosticsManager]  [loader.0] file:/C:/Program%20Files/Neo4j%20CE%203.1.4/plugins/apoc-3.1.3.7-all.jar
2017-05-23 13:10:24.734+0000 INFO  [o.n.k.i.DiagnosticsManager]  [loader.1] file:/C:/Program%20Files/Java/jre1.8.0_31/lib/ext/zipfs.jar
2017-05-23 13:10:24.734+0000 INFO  [o.n.k.i.DiagnosticsManager]  [loader.1] file:/C:/Program%20Files/Java/jre1.8.0_31/lib/ext/nashorn.jar
2017-05-23 13:10:24.734+0000 INFO  [o.n.k.i.DiagnosticsManager]  [loader.1] file:/C:/Program%20Files/Java/jre1.8.0_31/lib/ext/sunpkcs11.jar
2017-05-23 13:10:24.734+0000 INFO  [o.n.k.i.DiagnosticsManager]  [bootstrap] C:\Program Files\Java\jre1.8.0_31\classes
2017-05-23 13:10:24.734+0000 INFO  [o.n.k.i.DiagnosticsManager]  [loader.1] file:/C:/Program%20Files/Java/jre1.8.0_31/lib/ext/localedata.jar
2017-05-23 13:10:24.734+0000 INFO  [o.n.k.i.DiagnosticsManager]  [loader.1] file:/C:/Program%20Files/Java/jre1.8.0_31/lib/ext/sunjce_provider.jar
2017-05-23 13:10:24.734+0000 INFO  [o.n.k.i.DiagnosticsManager]  [bootstrap] C:\Program Files\Java\jre1.8.0_31\lib\jsse.jar
2017-05-23 13:10:24.734+0000 INFO  [o.n.k.i.DiagnosticsManager] Library path:
2017-05-23 13:10:24.735+0000 INFO  [o.n.k.i.DiagnosticsManager] C:\Program Files (x86)\Rockwell Software\RSCommon
2017-05-23 13:10:24.735+0000 INFO  [o.n.k.i.DiagnosticsManager] C:\ProgramData\Oracle\Java\javapath
2017-05-23 13:10:24.735+0000 INFO  [o.n.k.i.DiagnosticsManager] C:\Program Files\Common Files\Microsoft Shared\Windows Live
2017-05-23 13:10:24.735+0000 INFO  [o.n.k.i.DiagnosticsManager] C:\Program Files (x86)\Intel\iCLS Client
2017-05-23 13:10:24.736+0000 INFO  [o.n.k.i.DiagnosticsManager] C:\Program Files\Intel\iCLS Client
2017-05-23 13:10:24.736+0000 INFO  [o.n.k.i.DiagnosticsManager] C:\Program Files (x86)\AMD APP\bin\x86_64
2017-05-23 13:10:24.736+0000 INFO  [o.n.k.i.DiagnosticsManager] C:\Program Files (x86)\AMD APP\bin\x86
2017-05-23 13:10:24.736+0000 INFO  [o.n.k.i.DiagnosticsManager] C:\Windows\System32
2017-05-23 13:10:24.736+0000 INFO  [o.n.k.i.DiagnosticsManager] C:\Windows
2017-05-23 13:10:24.737+0000 INFO  [o.n.k.i.DiagnosticsManager] C:\Windows\System32\wbem
2017-05-23 13:10:24.737+0000 INFO  [o.n.k.i.DiagnosticsManager] C:\Windows\System32\WindowsPowerShell\v1.0
2017-05-23 13:10:24.737+0000 INFO  [o.n.k.i.DiagnosticsManager] C:\Program Files (x86)\ATI Technologies\ATI.ACE\Core-Static
2017-05-23 13:10:24.737+0000 INFO  [o.n.k.i.DiagnosticsManager] C:\Program Files\WIDCOMM\Bluetooth Software
2017-05-23 13:10:24.737+0000 INFO  [o.n.k.i.DiagnosticsManager] C:\Program Files\WIDCOMM\Bluetooth Software\syswow64
2017-05-23 13:10:24.738+0000 INFO  [o.n.k.i.DiagnosticsManager] C:\Program Files\Intel\Intel(R) Management Engine Components\DAL
2017-05-23 13:10:24.738+0000 INFO  [o.n.k.i.DiagnosticsManager] C:\Program Files\Intel\Intel(R) Management Engine Components\IPT
2017-05-23 13:10:24.738+0000 INFO  [o.n.k.i.DiagnosticsManager] C:\Program Files (x86)\Intel\Intel(R) Management Engine Components\DAL
2017-05-23 13:10:24.738+0000 INFO  [o.n.k.i.DiagnosticsManager] C:\Program Files (x86)\Intel\Intel(R) Management Engine Components\IPT
2017-05-23 13:10:24.739+0000 INFO  [o.n.k.i.DiagnosticsManager] C:\Program Files\MiKTeX 2.9\miktex\bin\x64
2017-05-23 13:10:24.739+0000 INFO  [o.n.k.i.DiagnosticsManager] C:\Program Files\Calibre2
2017-05-23 13:10:24.739+0000 INFO  [o.n.k.i.DiagnosticsManager] C:\Program Files (x86)\GNU\GnuPG\pub
2017-05-23 13:10:24.739+0000 INFO  [o.n.k.i.DiagnosticsManager] C:\Program Files\Common Files\Autodesk Shared
2017-05-23 13:10:24.739+0000 INFO  [o.n.k.i.DiagnosticsManager] C:\Program Files (x86)\Heroku\bin
2017-05-23 13:10:24.739+0000 INFO  [o.n.k.i.DiagnosticsManager] C:\Program Files (x86)\git\cmd
2017-05-23 13:10:24.740+0000 INFO  [o.n.k.i.DiagnosticsManager] C:\Program Files (x86)\AMD\ATI.ACE\Core-Static
2017-05-23 13:10:24.740+0000 INFO  [o.n.k.i.DiagnosticsManager] C:\Program Files (x86)\Skype\Phone
2017-05-23 13:10:24.740+0000 INFO  [o.n.k.i.DiagnosticsManager] C:\Program Files\nodejs
2017-05-23 13:10:24.740+0000 INFO  [o.n.k.i.DiagnosticsManager] C:\Program Files (x86)\Microsoft SQL Server\100\Tools\Binn
2017-05-23 13:10:24.740+0000 INFO  [o.n.k.i.DiagnosticsManager] C:\Program Files (x86)\Microsoft SQL Server\100\DTS\Binn
2017-05-23 13:10:24.741+0000 INFO  [o.n.k.i.DiagnosticsManager] C:\Users\s131072\AppData\Local\Continuum\Anaconda3
2017-05-23 13:10:24.741+0000 INFO  [o.n.k.i.DiagnosticsManager] C:\Users\s131072\AppData\Local\Continuum\Anaconda3\Scripts
2017-05-23 13:10:24.741+0000 INFO  [o.n.k.i.DiagnosticsManager] C:\Users\s131072\AppData\Local\Continuum\Anaconda3\Library\bin
2017-05-23 13:10:24.742+0000 INFO  [o.n.k.i.DiagnosticsManager] C:\Users\s131072\AppData\Local\Programs\Python\Launcher
2017-05-23 13:10:24.742+0000 INFO  [o.n.k.i.DiagnosticsManager] C:\Python27\Lib\site-packages\PyQt4
2017-05-23 13:10:24.742+0000 INFO  [o.n.k.i.DiagnosticsManager] C:\Program Files\Common Files\Microsoft Shared\Windows Live
2017-05-23 13:10:24.742+0000 INFO  [o.n.k.i.DiagnosticsManager] C:\Program Files (x86)\SSH Communications Security\SSH Secure Shell
2017-05-23 13:10:24.742+0000 INFO  [o.n.k.i.DiagnosticsManager] C:\Python27
2017-05-23 13:10:24.742+0000 INFO  [o.n.k.i.DiagnosticsManager] C:\Python27\DLLs
2017-05-23 13:10:24.742+0000 INFO  [o.n.k.i.DiagnosticsManager] C:\Python27\Scripts
2017-05-23 13:10:24.743+0000 INFO  [o.n.k.i.DiagnosticsManager] C:\Python27\gnuplot\binary
2017-05-23 13:10:24.743+0000 INFO  [o.n.k.i.DiagnosticsManager] C:\Program Files (x86)\pythonxy\SciTE-3.5.1-4
2017-05-23 13:10:24.743+0000 INFO  [o.n.k.i.DiagnosticsManager] C:\Program Files (x86)\pythonxy\console
2017-05-23 13:10:24.743+0000 INFO  [o.n.k.i.DiagnosticsManager] C:\Users\s131072\AppData\Roaming\npm
2017-05-23 13:10:24.744+0000 INFO  [o.n.k.i.DiagnosticsManager] C:\Program Files\Java\jre1.8.0_31\bin
2017-05-23 13:10:24.744+0000 INFO  [o.n.k.i.DiagnosticsManager] System.properties:
2017-05-23 13:10:24.744+0000 INFO  [o.n.k.i.DiagnosticsManager] exe4j.moduleName = C:\Program Files\Neo4j CE 3.1.4\bin\neo4j-ce.exe
2017-05-23 13:10:24.744+0000 INFO  [o.n.k.i.DiagnosticsManager] exe4j.semaphoreName = Local\c:_program_files_neo4j_ce_3.1.4_bin_neo4j-ce.exe
2017-05-23 13:10:24.744+0000 INFO  [o.n.k.i.DiagnosticsManager] sun.boot.library.path = c:\program files\java\jre1.8.0_31\bin
2017-05-23 13:10:24.744+0000 INFO  [o.n.k.i.DiagnosticsManager] user.country.format = NL
2017-05-23 13:10:24.744+0000 INFO  [o.n.k.i.DiagnosticsManager] exe4j.consoleCodepage = cp0
2017-05-23 13:10:24.744+0000 INFO  [o.n.k.i.DiagnosticsManager] path.separator = ;
2017-05-23 13:10:24.744+0000 INFO  [o.n.k.i.DiagnosticsManager] file.encoding.pkg = sun.io
2017-05-23 13:10:24.744+0000 INFO  [o.n.k.i.DiagnosticsManager] user.country = US
2017-05-23 13:10:24.744+0000 INFO  [o.n.k.i.DiagnosticsManager] user.script = 
2017-05-23 13:10:24.744+0000 INFO  [o.n.k.i.DiagnosticsManager] sun.os.patch.level = Service Pack 1
2017-05-23 13:10:24.744+0000 INFO  [o.n.k.i.DiagnosticsManager] install4j.exeDir = C:\Program Files\Neo4j CE 3.1.4\bin\
2017-05-23 13:10:24.744+0000 INFO  [o.n.k.i.DiagnosticsManager] user.dir = C:\Program Files\Neo4j CE 3.1.4\bin
2017-05-23 13:10:24.744+0000 INFO  [o.n.k.i.DiagnosticsManager] user.variant = 
2017-05-23 13:10:24.744+0000 INFO  [o.n.k.i.DiagnosticsManager] exe4j.tempDir = 
2017-05-23 13:10:24.744+0000 INFO  [o.n.k.i.DiagnosticsManager] sun.jnu.encoding = MS932
2017-05-23 13:10:24.744+0000 INFO  [o.n.k.i.DiagnosticsManager] sun.nio.ch.bugLevel = 
2017-05-23 13:10:24.744+0000 INFO  [o.n.k.i.DiagnosticsManager] unsupported.dbms.udc.source = desktop
2017-05-23 13:10:24.744+0000 INFO  [o.n.k.i.DiagnosticsManager] sun.awt.enableExtraMouseButtons = true
2017-05-23 13:10:24.744+0000 INFO  [o.n.k.i.DiagnosticsManager] install4j.launcherId = 24
2017-05-23 13:10:24.744+0000 INFO  [o.n.k.i.DiagnosticsManager] sun.management.compiler = HotSpot 64-Bit Tiered Compilers
2017-05-23 13:10:24.744+0000 INFO  [o.n.k.i.DiagnosticsManager] exe4j.isInstall4j = true
2017-05-23 13:10:24.744+0000 INFO  [o.n.k.i.DiagnosticsManager] install4j.swt = false
2017-05-23 13:10:24.744+0000 INFO  [o.n.k.i.DiagnosticsManager] user.home = C:\Users\s131072
2017-05-23 13:10:24.744+0000 INFO  [o.n.k.i.DiagnosticsManager] user.timezone = Europe/Berlin
2017-05-23 13:10:24.744+0000 INFO  [o.n.k.i.DiagnosticsManager] file.encoding = MS932
2017-05-23 13:10:24.744+0000 INFO  [o.n.k.i.DiagnosticsManager] user.name = s131072
2017-05-23 13:10:24.744+0000 INFO  [o.n.k.i.DiagnosticsManager] sun.java.command = C:\Program Files\Neo4j CE 3.1.4\bin\neo4j-ce.exe
2017-05-23 13:10:24.744+0000 INFO  [o.n.k.i.DiagnosticsManager] sun.arch.data.model = 64
2017-05-23 13:10:24.744+0000 INFO  [o.n.k.i.DiagnosticsManager] exe4j.launchName = C:\Program Files\Neo4j CE 3.1.4\bin\neo4j-ce.exe
2017-05-23 13:10:24.744+0000 INFO  [o.n.k.i.DiagnosticsManager] user.language = en
2017-05-23 13:10:24.744+0000 INFO  [o.n.k.i.DiagnosticsManager] user.language.format = nl
2017-05-23 13:10:24.744+0000 INFO  [o.n.k.i.DiagnosticsManager] awt.toolkit = sun.awt.windows.WToolkit
2017-05-23 13:10:24.744+0000 INFO  [o.n.k.i.DiagnosticsManager] exe4j.unextractedPosition = 0
2017-05-23 13:10:24.744+0000 INFO  [o.n.k.i.DiagnosticsManager] install4j.appDir = C:\Program Files\Neo4j CE 3.1.4\
2017-05-23 13:10:24.744+0000 INFO  [o.n.k.i.DiagnosticsManager] file.separator = \
2017-05-23 13:10:24.744+0000 INFO  [o.n.k.i.DiagnosticsManager] sun.io.unicode.encoding = UnicodeLittle
2017-05-23 13:10:24.744+0000 INFO  [o.n.k.i.DiagnosticsManager] sun.cpu.endian = little
2017-05-23 13:10:24.744+0000 INFO  [o.n.k.i.DiagnosticsManager] sun.desktop = windows
2017-05-23 13:10:24.744+0000 INFO  [o.n.k.i.DiagnosticsManager] sun.cpu.isalist = amd64
2017-05-23 13:10:24.744+0000 INFO  [o.n.k.i.DiagnosticsManager] Network information:
2017-05-23 13:10:24.912+0000 INFO  [o.n.k.i.DiagnosticsManager] Interface Software Loopback Interface 1:
2017-05-23 13:10:24.912+0000 INFO  [o.n.k.i.DiagnosticsManager]     address: 127.0.0.1
2017-05-23 13:10:24.912+0000 INFO  [o.n.k.i.DiagnosticsManager]     address: 0:0:0:0:0:0:0:1
2017-05-23 13:10:24.912+0000 INFO  [o.n.k.i.DiagnosticsManager] Interface WAN Miniport (SSTP):
2017-05-23 13:10:24.912+0000 INFO  [o.n.k.i.DiagnosticsManager] Interface WAN Miniport (L2TP):
2017-05-23 13:10:24.912+0000 INFO  [o.n.k.i.DiagnosticsManager] Interface WAN Miniport (PPTP):
2017-05-23 13:10:24.912+0000 INFO  [o.n.k.i.DiagnosticsManager] Interface WAN Miniport (PPPOE):
2017-05-23 13:10:24.912+0000 INFO  [o.n.k.i.DiagnosticsManager] Interface WAN Miniport (IPv6):
2017-05-23 13:10:24.912+0000 INFO  [o.n.k.i.DiagnosticsManager] Interface WAN Miniport (Network Monitor):
2017-05-23 13:10:24.912+0000 INFO  [o.n.k.i.DiagnosticsManager] Interface WAN Miniport (IP):
2017-05-23 13:10:24.912+0000 INFO  [o.n.k.i.DiagnosticsManager] Interface RAS Async Adapter:
2017-05-23 13:10:24.912+0000 INFO  [o.n.k.i.DiagnosticsManager] Interface WAN Miniport (IKEv2):
2017-05-23 13:10:24.912+0000 INFO  [o.n.k.i.DiagnosticsManager] Interface Intel(R) 82579LM Gigabit Network Connection:
2017-05-23 13:10:24.912+0000 INFO  [o.n.k.i.DiagnosticsManager] Interface WAN Miniport (Network Monitor) - Deterministic Network Enhancer Miniport:
2017-05-23 13:10:24.912+0000 INFO  [o.n.k.i.DiagnosticsManager] Interface WAN Miniport (IP) - Deterministic Network Enhancer Miniport:
2017-05-23 13:10:24.912+0000 INFO  [o.n.k.i.DiagnosticsManager] Interface Intel(R) 82579LM Gigabit Network Connection - Deterministic Network Enhancer Miniport:
2017-05-23 13:10:24.912+0000 INFO  [o.n.k.i.DiagnosticsManager] Interface Cisco Systems VPN Adapter for 64-bit Windows:
2017-05-23 13:10:24.912+0000 INFO  [o.n.k.i.DiagnosticsManager] Interface Cisco Systems VPN Adapter for 64-bit Windows - Deterministic Network Enhancer Miniport:
2017-05-23 13:10:24.912+0000 INFO  [o.n.k.i.DiagnosticsManager] Interface Intel(R) Centrino(R) Ultimate-N 6300 AGN:
2017-05-23 13:10:24.912+0000 INFO  [o.n.k.i.DiagnosticsManager]     address: 10.0.0.192
2017-05-23 13:10:24.912+0000 INFO  [o.n.k.i.DiagnosticsManager]     address: fe80:0:0:0:6168:424e:c67d:3549%wlan0
2017-05-23 13:10:24.912+0000 INFO  [o.n.k.i.DiagnosticsManager] Interface Intel(R) Centrino(R) Ultimate-N 6300 AGN - Deterministic Network Enhancer Miniport:
2017-05-23 13:10:24.912+0000 INFO  [o.n.k.i.DiagnosticsManager] Interface Bluetooth Device (RFCOMM Protocol TDI):
2017-05-23 13:10:24.912+0000 INFO  [o.n.k.i.DiagnosticsManager] Interface Bluetooth Device (Personal Area Network):
2017-05-23 13:10:24.912+0000 INFO  [o.n.k.i.DiagnosticsManager] Interface Microsoft Virtual WiFi Miniport Adapter:
2017-05-23 13:10:24.912+0000 INFO  [o.n.k.i.DiagnosticsManager]     address: fe80:0:0:0:d16d:999d:d248:b962%wlan1
2017-05-23 13:10:24.912+0000 INFO  [o.n.k.i.DiagnosticsManager] Interface Microsoft Virtual WiFi Miniport Adapter - Deterministic Network Enhancer Miniport:
2017-05-23 13:10:24.912+0000 INFO  [o.n.k.i.DiagnosticsManager] Interface Bluetooth Personal Area Network:
2017-05-23 13:10:24.912+0000 INFO  [o.n.k.i.DiagnosticsManager] Interface VirtualBox Host-Only Ethernet Adapter:
2017-05-23 13:10:24.912+0000 INFO  [o.n.k.i.DiagnosticsManager] Interface VirtualBox Host-Only Ethernet Adapter - Deterministic Network Enhancer Miniport:
2017-05-23 13:10:24.912+0000 INFO  [o.n.k.i.DiagnosticsManager] Interface Cisco Systems VPN Adapter for 64-bit Windows - VirtualBox Bridged Networking Driver Miniport:
2017-05-23 13:10:24.912+0000 INFO  [o.n.k.i.DiagnosticsManager] Interface Microsoft Virtual WiFi Miniport Adapter - VirtualBox Bridged Networking Driver Miniport:
2017-05-23 13:10:24.912+0000 INFO  [o.n.k.i.DiagnosticsManager] Interface Intel(R) Centrino(R) Ultimate-N 6300 AGN - VirtualBox Bridged Networking Driver Miniport:
2017-05-23 13:10:24.912+0000 INFO  [o.n.k.i.DiagnosticsManager] Interface Intel(R) 82579LM Gigabit Network Connection - VirtualBox Bridged Networking Driver Miniport:
2017-05-23 13:10:24.912+0000 INFO  [o.n.k.i.DiagnosticsManager] Interface Intel(R) Centrino(R) Ultimate-N 6300 AGN #2:
2017-05-23 13:10:24.912+0000 INFO  [o.n.k.i.DiagnosticsManager] Interface Intel(R) Centrino(R) Ultimate-N 6300 AGN #2 - Deterministic Network Enhancer Miniport:
2017-05-23 13:10:24.912+0000 INFO  [o.n.k.i.DiagnosticsManager] Interface Intel(R) Centrino(R) Ultimate-N 6300 AGN #2 - VirtualBox Bridged Networking Driver Miniport:
2017-05-23 13:10:24.912+0000 INFO  [o.n.k.i.DiagnosticsManager] Interface Bluetooth Device (RFCOMM Protocol TDI) #2:
2017-05-23 13:10:24.912+0000 INFO  [o.n.k.i.DiagnosticsManager] Interface Microsoft Virtual WiFi Miniport Adapter #2:
2017-05-23 13:10:24.912+0000 INFO  [o.n.k.i.DiagnosticsManager] Interface Microsoft Virtual WiFi Miniport Adapter #2 - Deterministic Network Enhancer Miniport:
2017-05-23 13:10:24.912+0000 INFO  [o.n.k.i.DiagnosticsManager] Interface Microsoft Virtual WiFi Miniport Adapter #2 - VirtualBox Bridged Networking Driver Miniport:
2017-05-23 13:10:24.912+0000 INFO  [o.n.k.i.DiagnosticsManager] Interface Bluetooth Device (Personal Area Network) #2:
2017-05-23 13:10:24.912+0000 INFO  [o.n.k.i.DiagnosticsManager] Interface Bluetooth Personal Area Network #2:
2017-05-23 13:10:24.912+0000 INFO  [o.n.k.i.DiagnosticsManager] Interface Intel(R) Centrino(R) Ultimate-N 6300 AGN-Virtual WiFi Filter Driver-0000:
2017-05-23 13:10:24.912+0000 INFO  [o.n.k.i.DiagnosticsManager] Interface WAN Miniport (Network Monitor) - Deterministic Network Enhancer Miniport-Symantec Endpoint Protection Firewall-0000:
2017-05-23 13:10:24.912+0000 INFO  [o.n.k.i.DiagnosticsManager] Interface WAN Miniport (Network Monitor) - Deterministic Network Enhancer Miniport-QoS Packet Scheduler-0000:
2017-05-23 13:10:24.912+0000 INFO  [o.n.k.i.DiagnosticsManager] Interface WAN Miniport (IP) - Deterministic Network Enhancer Miniport-Symantec Endpoint Protection Firewall-0000:
2017-05-23 13:10:24.912+0000 INFO  [o.n.k.i.DiagnosticsManager] Interface WAN Miniport (IP) - Deterministic Network Enhancer Miniport-QoS Packet Scheduler-0000:
2017-05-23 13:10:24.912+0000 INFO  [o.n.k.i.DiagnosticsManager] Interface WAN Miniport (IPv6)-Symantec Endpoint Protection Firewall-0000:
2017-05-23 13:10:24.912+0000 INFO  [o.n.k.i.DiagnosticsManager] Interface WAN Miniport (IPv6)-QoS Packet Scheduler-0000:
2017-05-23 13:10:24.912+0000 INFO  [o.n.k.i.DiagnosticsManager] Interface Intel(R) 82579LM Gigabit Network Connection - VirtualBox Bridged Networking Driver Miniport-Symantec Endpoint Protection Firewall-0000:
2017-05-23 13:10:24.912+0000 INFO  [o.n.k.i.DiagnosticsManager] Interface Intel(R) 82579LM Gigabit Network Connection - VirtualBox Bridged Networking Driver Miniport-QoS Packet Scheduler-0000:
2017-05-23 13:10:24.912+0000 INFO  [o.n.k.i.DiagnosticsManager] Interface Intel(R) 82579LM Gigabit Network Connection - VirtualBox Bridged Networking Driver Miniport-WFP LightWeight Filter-0000:
2017-05-23 13:10:24.912+0000 INFO  [o.n.k.i.DiagnosticsManager] Interface Intel(R) Centrino(R) Ultimate-N 6300 AGN-Native WiFi Filter Driver-0000:
2017-05-23 13:10:24.912+0000 INFO  [o.n.k.i.DiagnosticsManager] Interface Intel(R) Centrino(R) Ultimate-N 6300 AGN - VirtualBox Bridged Networking Driver Miniport-Symantec Endpoint Protection Firewall-0000:
2017-05-23 13:10:24.912+0000 INFO  [o.n.k.i.DiagnosticsManager] Interface Intel(R) Centrino(R) Ultimate-N 6300 AGN - VirtualBox Bridged Networking Driver Miniport-QoS Packet Scheduler-0000:
2017-05-23 13:10:24.912+0000 INFO  [o.n.k.i.DiagnosticsManager] Interface Intel(R) Centrino(R) Ultimate-N 6300 AGN - VirtualBox Bridged Networking Driver Miniport-WFP LightWeight Filter-0000:
2017-05-23 13:10:24.912+0000 INFO  [o.n.k.i.DiagnosticsManager] Interface Microsoft Virtual WiFi Miniport Adapter-Native WiFi Filter Driver-0000:
2017-05-23 13:10:24.912+0000 INFO  [o.n.k.i.DiagnosticsManager] Interface Microsoft Virtual WiFi Miniport Adapter - VirtualBox Bridged Networking Driver Miniport-Symantec Endpoint Protection Firewall-0000:
2017-05-23 13:10:24.912+0000 INFO  [o.n.k.i.DiagnosticsManager] Interface Microsoft Virtual WiFi Miniport Adapter - VirtualBox Bridged Networking Driver Miniport-QoS Packet Scheduler-0000:
2017-05-23 13:10:24.912+0000 INFO  [o.n.k.i.DiagnosticsManager] Interface Microsoft Virtual WiFi Miniport Adapter - VirtualBox Bridged Networking Driver Miniport-WFP LightWeight Filter-0000:
2017-05-23 13:10:24.912+0000 INFO  [o.n.k.i.DiagnosticsManager] --- INITIALIZED diagnostics END ---
2017-05-23 13:10:24.920+0000 INFO  [o.n.b.v.r.WorkerFactory] Bolt Server extension loaded.
2017-05-23 13:10:24.920+0000 INFO  [o.n.b.v.r.WorkerFactory] Bolt enabled on localhost:7687.
2017-05-23 13:10:24.923+0000 INFO  [o.n.k.i.s.f.RecordFormatSelector] Selected format 'RecordFormat:StandardV3_0[v0.A.7]' for the new store
2017-05-23 13:10:25.454+0000 INFO  [o.n.k.i.a.i.IndexingService] IndexingService.init: indexes not specifically mentioned above are null
2017-05-23 13:10:25.454+0000 INFO  [o.n.k.a.i.l.LuceneLabelScanStore] No lucene scan store index found, this might just be first use. Preparing to rebuild.
2017-05-23 13:10:25.464+0000 INFO  [o.n.k.NeoStoreDataSource] Opened logical log [D:\Data engi python\From scratch 2\neostore.transaction.db.0] version=0, lastTxId=1 (clean)
2017-05-23 13:10:25.464+0000 INFO  [o.n.k.NeoStoreDataSource] No commits found after last check point (which is at <no log position given>)
2017-05-23 13:10:25.464+0000 WARN  [o.n.k.i.s.MetaDataStore] Missing counts store, rebuilding it.
2017-05-23 13:10:25.526+0000 INFO  [o.n.k.i.a.i.IndexingService] IndexingService.start: indexes not specifically mentioned above are null
2017-05-23 13:10:25.526+0000 INFO  [o.n.k.a.i.l.LuceneLabelScanStore] Rebuilding lucene scan store, this may take a while
2017-05-23 13:10:25.526+0000 INFO  [o.n.k.a.i.l.LuceneLabelScanStore] Lucene scan store rebuilt (roughly 0 nodes)
2017-05-23 13:10:25.526+0000 INFO  [o.n.k.i.DatabaseHealth] Database health set to OK
2017-05-23 13:10:25.536+0000 INFO  [o.n.k.AvailabilityGuard] Fulfilling of requirement makes database available: Database available
2017-05-23 13:10:25.536+0000 INFO  [o.n.k.i.f.GraphDatabaseFacadeFactory] Database is now ready
2017-05-23 13:10:25.536+0000 INFO  [o.n.k.i.DiagnosticsManager] --- STARTED diagnostics for KernelDiagnostics:Versions START ---
2017-05-23 13:10:25.536+0000 INFO  [o.n.k.i.DiagnosticsManager] Graph Database: community single StoreId{creationTime=1495545025444, randomId=4044461926338829636, storeVersion=15531981201765894, upgradeTime=1495545025444, upgradeId=1}
2017-05-23 13:10:25.536+0000 INFO  [o.n.k.i.DiagnosticsManager] Kernel version: 3.1.4
2017-05-23 13:10:25.536+0000 INFO  [o.n.k.i.DiagnosticsManager] --- STARTED diagnostics for KernelDiagnostics:Versions END ---
2017-05-23 13:10:25.536+0000 INFO  [o.n.k.i.DiagnosticsManager] --- STARTED diagnostics for NEO_STORE_VERSIONS START ---
2017-05-23 13:10:25.536+0000 INFO  [o.n.k.i.DiagnosticsManager] Store versions:
2017-05-23 13:10:25.536+0000 INFO  [o.n.k.i.DiagnosticsManager] Store versions:
2017-05-23 13:10:25.536+0000 INFO  [o.n.k.i.DiagnosticsManager]   ArrayPropertyStore v0.A.7
2017-05-23 13:10:25.536+0000 INFO  [o.n.k.i.DiagnosticsManager]   NodeStore v0.A.7
2017-05-23 13:10:25.536+0000 INFO  [o.n.k.i.DiagnosticsManager]   StringPropertyStore v0.A.7
2017-05-23 13:10:25.536+0000 INFO  [o.n.k.i.DiagnosticsManager]   PropertyIndexStore v0.A.7
2017-05-23 13:10:25.536+0000 INFO  [o.n.k.i.DiagnosticsManager]   StringPropertyStore v0.A.7
2017-05-23 13:10:25.536+0000 INFO  [o.n.k.i.DiagnosticsManager]   ArrayPropertyStore v0.A.7
2017-05-23 13:10:25.536+0000 INFO  [o.n.k.i.DiagnosticsManager]   PropertyStore v0.A.7
2017-05-23 13:10:25.536+0000 INFO  [o.n.k.i.DiagnosticsManager]   RelationshipStore v0.A.7
2017-05-23 13:10:25.536+0000 INFO  [o.n.k.i.DiagnosticsManager]   StringPropertyStore v0.A.7
2017-05-23 13:10:25.536+0000 INFO  [o.n.k.i.DiagnosticsManager]   RelationshipTypeStore v0.A.7
2017-05-23 13:10:25.536+0000 INFO  [o.n.k.i.DiagnosticsManager]   StringPropertyStore v0.A.7
2017-05-23 13:10:25.536+0000 INFO  [o.n.k.i.DiagnosticsManager]   LabelTokenStore v0.A.7
2017-05-23 13:10:25.536+0000 INFO  [o.n.k.i.DiagnosticsManager]   SchemaStore v0.A.7
2017-05-23 13:10:25.536+0000 INFO  [o.n.k.i.DiagnosticsManager]   RelationshipGroupStore v0.A.7
2017-05-23 13:10:25.536+0000 INFO  [o.n.k.i.DiagnosticsManager]   NeoStore v0.A.7
2017-05-23 13:10:25.536+0000 INFO  [o.n.k.i.DiagnosticsManager] --- STARTED diagnostics for NEO_STORE_VERSIONS END ---
2017-05-23 13:10:25.536+0000 INFO  [o.n.k.i.DiagnosticsManager] --- STARTED diagnostics for NEO_STORE_ID_USAGE START ---
2017-05-23 13:10:25.536+0000 INFO  [o.n.k.i.DiagnosticsManager] Id usage:
2017-05-23 13:10:25.536+0000 INFO  [o.n.k.i.DiagnosticsManager] Id usage:
2017-05-23 13:10:25.536+0000 INFO  [o.n.k.i.DiagnosticsManager]   ArrayPropertyStore: used=1 high=0
2017-05-23 13:10:25.536+0000 INFO  [o.n.k.i.DiagnosticsManager]   NodeStore: used=0 high=-1
2017-05-23 13:10:25.546+0000 INFO  [o.n.k.i.DiagnosticsManager]   StringPropertyStore: used=1 high=0
2017-05-23 13:10:25.546+0000 INFO  [o.n.k.i.DiagnosticsManager]   PropertyIndexStore: used=0 high=-1
2017-05-23 13:10:25.546+0000 INFO  [o.n.k.i.DiagnosticsManager]   StringPropertyStore: used=1 high=0
2017-05-23 13:10:25.546+0000 INFO  [o.n.k.i.DiagnosticsManager]   ArrayPropertyStore: used=1 high=0
2017-05-23 13:10:25.546+0000 INFO  [o.n.k.i.DiagnosticsManager]   PropertyStore: used=0 high=-1
2017-05-23 13:10:25.546+0000 INFO  [o.n.k.i.DiagnosticsManager]   RelationshipStore: used=0 high=-1
2017-05-23 13:10:25.546+0000 INFO  [o.n.k.i.DiagnosticsManager]   StringPropertyStore: used=1 high=0
2017-05-23 13:10:25.546+0000 INFO  [o.n.k.i.DiagnosticsManager]   RelationshipTypeStore: used=0 high=-1
2017-05-23 13:10:25.546+0000 INFO  [o.n.k.i.DiagnosticsManager]   StringPropertyStore: used=1 high=0
2017-05-23 13:10:25.546+0000 INFO  [o.n.k.i.DiagnosticsManager]   LabelTokenStore: used=0 high=-1
2017-05-23 13:10:25.546+0000 INFO  [o.n.k.i.DiagnosticsManager]   SchemaStore: used=1 high=0
2017-05-23 13:10:25.546+0000 INFO  [o.n.k.i.DiagnosticsManager]   RelationshipGroupStore: used=1 high=0
2017-05-23 13:10:25.546+0000 INFO  [o.n.k.i.DiagnosticsManager]   NeoStore: used=15 high=14
2017-05-23 13:10:25.546+0000 INFO  [o.n.k.i.DiagnosticsManager] --- STARTED diagnostics for NEO_STORE_ID_USAGE END ---
2017-05-23 13:10:25.546+0000 INFO  [o.n.k.i.DiagnosticsManager] --- STARTED diagnostics for NEO_STORE_RECORDS START ---
2017-05-23 13:10:25.546+0000 INFO  [o.n.k.i.DiagnosticsManager] Neostore records:
2017-05-23 13:10:25.546+0000 INFO  [o.n.k.i.DiagnosticsManager] TIME (Creation time): 1495545025444
2017-05-23 13:10:25.546+0000 INFO  [o.n.k.i.DiagnosticsManager] RANDOM_NUMBER (Random number for store id): 4044461926338829636
2017-05-23 13:10:25.546+0000 INFO  [o.n.k.i.DiagnosticsManager] LOG_VERSION (Current log version): 0
2017-05-23 13:10:25.546+0000 INFO  [o.n.k.i.DiagnosticsManager] LAST_TRANSACTION_ID (Last committed transaction): 1
2017-05-23 13:10:25.546+0000 INFO  [o.n.k.i.DiagnosticsManager] STORE_VERSION (Store format version): 15531981201765894
2017-05-23 13:10:25.546+0000 INFO  [o.n.k.i.DiagnosticsManager] FIRST_GRAPH_PROPERTY (First property record containing graph properties): -1
2017-05-23 13:10:25.546+0000 INFO  [o.n.k.i.DiagnosticsManager] LAST_CONSTRAINT_TRANSACTION (Last committed transaction containing constraint changes): 0
2017-05-23 13:10:25.546+0000 INFO  [o.n.k.i.DiagnosticsManager] UPGRADE_TRANSACTION_ID (Transaction id most recent upgrade was performed at): 1
2017-05-23 13:10:25.546+0000 INFO  [o.n.k.i.DiagnosticsManager] UPGRADE_TIME (Time of last upgrade): 1495545025444
2017-05-23 13:10:25.546+0000 INFO  [o.n.k.i.DiagnosticsManager] LAST_TRANSACTION_CHECKSUM (Checksum of last committed transaction): 0
2017-05-23 13:10:25.546+0000 INFO  [o.n.k.i.DiagnosticsManager] UPGRADE_TRANSACTION_CHECKSUM (Checksum of transaction id the most recent upgrade was performed at): 0
2017-05-23 13:10:25.546+0000 INFO  [o.n.k.i.DiagnosticsManager] LAST_CLOSED_TRANSACTION_LOG_VERSION (Log version where the last transaction commit entry has been written into): 0
2017-05-23 13:10:25.546+0000 INFO  [o.n.k.i.DiagnosticsManager] LAST_CLOSED_TRANSACTION_LOG_BYTE_OFFSET (Byte offset in the log file where the last transaction commit entry has been written into): 16
2017-05-23 13:10:25.546+0000 INFO  [o.n.k.i.DiagnosticsManager] LAST_TRANSACTION_COMMIT_TIMESTAMP (Commit time timestamp for last committed transaction): 0
2017-05-23 13:10:25.546+0000 INFO  [o.n.k.i.DiagnosticsManager] UPGRADE_TRANSACTION_COMMIT_TIMESTAMP (Commit timestamp of transaction the most recent upgrade was performed at): 0
2017-05-23 13:10:25.546+0000 INFO  [o.n.k.i.DiagnosticsManager] --- STARTED diagnostics for NEO_STORE_RECORDS END ---
2017-05-23 13:10:25.546+0000 INFO  [o.n.k.i.DiagnosticsManager] --- STARTED diagnostics for TRANSACTION_RANGE START ---
2017-05-23 13:10:25.546+0000 INFO  [o.n.k.i.DiagnosticsManager] Transaction log:
2017-05-23 13:10:25.546+0000 INFO  [o.n.k.i.DiagnosticsManager] No transactions found in any log
2017-05-23 13:10:25.546+0000 INFO  [o.n.k.i.DiagnosticsManager] --- STARTED diagnostics for TRANSACTION_RANGE END ---
2017-05-23 13:10:25.546+0000 INFO  [o.n.k.i.DiagnosticsManager] --- STARTED diagnostics for KernelDiagnostics:StoreFiles START ---
2017-05-23 13:10:25.546+0000 INFO  [o.n.k.i.DiagnosticsManager] Disk space on partition (Total / Free / Free %): 339039219712 / 69058879488 / 20
Storage files: (filename : modification date - size)
2017-05-23 13:10:25.546+0000 INFO  [o.n.k.i.DiagnosticsManager]   certificates:
2017-05-23 13:10:25.546+0000 INFO  [o.n.k.i.DiagnosticsManager]     neo4j.cert: 2017-05-23T15:10:24+0200 - 1002,00 B
2017-05-23 13:10:25.546+0000 INFO  [o.n.k.i.DiagnosticsManager]     neo4j.key: 2017-05-23T15:10:24+0200 - 1,69 kB
2017-05-23 13:10:25.546+0000 INFO  [o.n.k.i.DiagnosticsManager]   - Total: 2017-05-23T15:10:24+0200 - 2,67 kB
2017-05-23 13:10:25.546+0000 INFO  [o.n.k.i.DiagnosticsManager]   data:
2017-05-23 13:10:25.546+0000 INFO  [o.n.k.i.DiagnosticsManager]     dbms:
2017-05-23 13:10:25.546+0000 INFO  [o.n.k.i.DiagnosticsManager]       auth: 2017-05-23T15:10:25+0200 - 137,00 B
2017-05-23 13:10:25.546+0000 INFO  [o.n.k.i.DiagnosticsManager]     - Total: 2017-05-23T15:10:25+0200 - 137,00 B
2017-05-23 13:10:25.546+0000 INFO  [o.n.k.i.DiagnosticsManager]   - Total: 2017-05-23T15:10:25+0200 - 137,00 B
2017-05-23 13:10:25.546+0000 INFO  [o.n.k.i.DiagnosticsManager]   index:
2017-05-23 13:10:25.546+0000 INFO  [o.n.k.i.DiagnosticsManager]   - Total: 2017-05-23T15:10:25+0200 - 0,00 B
2017-05-23 13:10:25.546+0000 INFO  [o.n.k.i.DiagnosticsManager]   logs:
2017-05-23 13:10:25.546+0000 INFO  [o.n.k.i.DiagnosticsManager]     debug.log: 2017-05-23T15:10:24+0200 - 38,83 kB
2017-05-23 13:10:25.546+0000 INFO  [o.n.k.i.DiagnosticsManager]   - Total: 2017-05-23T15:10:24+0200 - 38,83 kB
2017-05-23 13:10:25.546+0000 INFO  [o.n.k.i.DiagnosticsManager]   neostore: 2017-05-23T15:10:25+0200 - 8,00 kB
2017-05-23 13:10:25.546+0000 INFO  [o.n.k.i.DiagnosticsManager]   neostore.counts.db.a: 2017-05-23T15:10:25+0200 - 96,00 B
2017-05-23 13:10:25.546+0000 INFO  [o.n.k.i.DiagnosticsManager]   neostore.id: 2017-05-23T15:10:25+0200 - 9,00 B
2017-05-23 13:10:25.546+0000 INFO  [o.n.k.i.DiagnosticsManager]   neostore.labeltokenstore.db: 2017-05-23T15:10:25+0200 - 0,00 B
2017-05-23 13:10:25.546+0000 INFO  [o.n.k.i.DiagnosticsManager]   neostore.labeltokenstore.db.id: 2017-05-23T15:10:25+0200 - 9,00 B
2017-05-23 13:10:25.546+0000 INFO  [o.n.k.i.DiagnosticsManager]   neostore.labeltokenstore.db.names: 2017-05-23T15:10:25+0200 - 8,00 kB
2017-05-23 13:10:25.546+0000 INFO  [o.n.k.i.DiagnosticsManager]   neostore.labeltokenstore.db.names.id: 2017-05-23T15:10:25+0200 - 9,00 B
2017-05-23 13:10:25.546+0000 INFO  [o.n.k.i.DiagnosticsManager]   neostore.nodestore.db: 2017-05-23T15:10:25+0200 - 0,00 B
2017-05-23 13:10:25.546+0000 INFO  [o.n.k.i.DiagnosticsManager]   neostore.nodestore.db.id: 2017-05-23T15:10:25+0200 - 9,00 B
2017-05-23 13:10:25.546+0000 INFO  [o.n.k.i.DiagnosticsManager]   neostore.nodestore.db.labels: 2017-05-23T15:10:25+0200 - 8,00 kB
2017-05-23 13:10:25.546+0000 INFO  [o.n.k.i.DiagnosticsManager]   neostore.nodestore.db.labels.id: 2017-05-23T15:10:25+0200 - 9,00 B
2017-05-23 13:10:25.546+0000 INFO  [o.n.k.i.DiagnosticsManager]   neostore.propertystore.db: 2017-05-23T15:10:25+0200 - 0,00 B
2017-05-23 13:10:25.546+0000 INFO  [o.n.k.i.DiagnosticsManager]   neostore.propertystore.db.arrays: 2017-05-23T15:10:25+0200 - 8,00 kB
2017-05-23 13:10:25.546+0000 INFO  [o.n.k.i.DiagnosticsManager]   neostore.propertystore.db.arrays.id: 2017-05-23T15:10:25+0200 - 9,00 B
2017-05-23 13:10:25.546+0000 INFO  [o.n.k.i.DiagnosticsManager]   neostore.propertystore.db.id: 2017-05-23T15:10:25+0200 - 9,00 B
2017-05-23 13:10:25.546+0000 INFO  [o.n.k.i.DiagnosticsManager]   neostore.propertystore.db.index: 2017-05-23T15:10:25+0200 - 0,00 B
2017-05-23 13:10:25.546+0000 INFO  [o.n.k.i.DiagnosticsManager]   neostore.propertystore.db.index.id: 2017-05-23T15:10:25+0200 - 9,00 B
2017-05-23 13:10:25.546+0000 INFO  [o.n.k.i.DiagnosticsManager]   neostore.propertystore.db.index.keys: 2017-05-23T15:10:25+0200 - 8,00 kB
2017-05-23 13:10:25.546+0000 INFO  [o.n.k.i.DiagnosticsManager]   neostore.propertystore.db.index.keys.id: 2017-05-23T15:10:25+0200 - 9,00 B
2017-05-23 13:10:25.546+0000 INFO  [o.n.k.i.DiagnosticsManager]   neostore.propertystore.db.strings: 2017-05-23T15:10:25+0200 - 8,00 kB
2017-05-23 13:10:25.546+0000 INFO  [o.n.k.i.DiagnosticsManager]   neostore.propertystore.db.strings.id: 2017-05-23T15:10:25+0200 - 9,00 B
2017-05-23 13:10:25.546+0000 INFO  [o.n.k.i.DiagnosticsManager]   neostore.relationshipgroupstore.db: 2017-05-23T15:10:25+0200 - 8,00 kB
2017-05-23 13:10:25.546+0000 INFO  [o.n.k.i.DiagnosticsManager]   neostore.relationshipgroupstore.db.id: 2017-05-23T15:10:25+0200 - 9,00 B
2017-05-23 13:10:25.546+0000 INFO  [o.n.k.i.DiagnosticsManager]   neostore.relationshipstore.db: 2017-05-23T15:10:25+0200 - 0,00 B
2017-05-23 13:10:25.546+0000 INFO  [o.n.k.i.DiagnosticsManager]   neostore.relationshipstore.db.id: 2017-05-23T15:10:25+0200 - 9,00 B
2017-05-23 13:10:25.546+0000 INFO  [o.n.k.i.DiagnosticsManager]   neostore.relationshiptypestore.db: 2017-05-23T15:10:25+0200 - 0,00 B
2017-05-23 13:10:25.546+0000 INFO  [o.n.k.i.DiagnosticsManager]   neostore.relationshiptypestore.db.id: 2017-05-23T15:10:25+0200 - 9,00 B
2017-05-23 13:10:25.546+0000 INFO  [o.n.k.i.DiagnosticsManager]   neostore.relationshiptypestore.db.names: 2017-05-23T15:10:25+0200 - 8,00 kB
2017-05-23 13:10:25.546+0000 INFO  [o.n.k.i.DiagnosticsManager]   neostore.relationshiptypestore.db.names.id: 2017-05-23T15:10:25+0200 - 9,00 B
2017-05-23 13:10:25.546+0000 INFO  [o.n.k.i.DiagnosticsManager]   neostore.schemastore.db: 2017-05-23T15:10:25+0200 - 8,00 kB
2017-05-23 13:10:25.546+0000 INFO  [o.n.k.i.DiagnosticsManager]   neostore.schemastore.db.id: 2017-05-23T15:10:25+0200 - 9,00 B
2017-05-23 13:10:25.546+0000 INFO  [o.n.k.i.DiagnosticsManager]   neostore.transaction.db.0: 2017-05-23T15:10:25+0200 - 16,00 B
2017-05-23 13:10:25.546+0000 INFO  [o.n.k.i.DiagnosticsManager]   schema:
2017-05-23 13:10:25.546+0000 INFO  [o.n.k.i.DiagnosticsManager]     label:
2017-05-23 13:10:25.546+0000 INFO  [o.n.k.i.DiagnosticsManager]       lucene:
2017-05-23 13:10:25.546+0000 INFO  [o.n.k.i.DiagnosticsManager]         labelStore:
2017-05-23 13:10:25.546+0000 INFO  [o.n.k.i.DiagnosticsManager]           1:
2017-05-23 13:10:25.546+0000 INFO  [o.n.k.i.DiagnosticsManager]             write.lock: 2017-05-23T15:10:25+0200 - 0,00 B
2017-05-23 13:10:25.546+0000 INFO  [o.n.k.i.DiagnosticsManager]           - Total: 2017-05-23T15:10:25+0200 - 0,00 B
2017-05-23 13:10:25.546+0000 INFO  [o.n.k.i.DiagnosticsManager]           failure-message: 2017-05-23T15:10:25+0200 - 16,00 kB
2017-05-23 13:10:25.546+0000 INFO  [o.n.k.i.DiagnosticsManager]         - Total: 2017-05-23T15:10:25+0200 - 16,00 kB
2017-05-23 13:10:25.546+0000 INFO  [o.n.k.i.DiagnosticsManager]       - Total: 2017-05-23T15:10:25+0200 - 16,00 kB
2017-05-23 13:10:25.546+0000 INFO  [o.n.k.i.DiagnosticsManager]     - Total: 2017-05-23T15:10:25+0200 - 16,00 kB
2017-05-23 13:10:25.556+0000 INFO  [o.n.k.i.DiagnosticsManager]   - Total: 2017-05-23T15:10:25+0200 - 16,00 kB
2017-05-23 13:10:25.556+0000 INFO  [o.n.k.i.DiagnosticsManager]   store_lock: 2017-05-23T15:10:24+0200 - 0,00 B
2017-05-23 13:10:25.556+0000 INFO  [o.n.k.i.DiagnosticsManager] --- STARTED diagnostics for KernelDiagnostics:StoreFiles END ---
2017-05-23 13:10:25.556+0000 INFO  [o.n.k.i.DiagnosticsManager] --- SERVER STARTED START ---
2017-05-23 13:10:26.078+0000 INFO  [o.n.k.i.DiagnosticsManager] --- SERVER STARTED END ---
2017-05-23 13:11:33.200+0000 INFO  [o.n.c.i.ExecutionEngine] Discarded stale query from the query cache: CALL db.labels() YIELD label
WITH COLLECT(label) AS labels
RETURN 'labels' as a, labels as result
UNION
CALL db.relationshipTypes() YIELD relationshipType
WITH COLLECT(relationshipType) AS relationshipTypes
RETURN 'relationshipTypes'as a, relationshipTypes as result
UNION
CALL db.propertyKeys() YIELD propertyKey
WITH COLLECT(propertyKey) AS propertyKeys
RETURN 'propertyKeys' as a, propertyKeys as result
2017-05-23 13:11:33.206+0000 INFO  [o.n.c.i.CypherCompiler] Discarded stale query from the query cache: CALL db.labels() YIELD label
WITH COLLECT(label) AS labels
RETURN 'labels' as a, labels as result
UNION
CALL db.relationshipTypes() YIELD relationshipType
WITH COLLECT(relationshipType) AS relationshipTypes
RETURN 'relationshipTypes'as a, relationshipTypes as result
UNION
CALL db.propertyKeys() YIELD propertyKey
WITH COLLECT(propertyKey) AS propertyKeys
RETURN 'propertyKeys' as a, propertyKeys as result
2017-05-23 13:11:47.566+0000 INFO  [o.n.c.i.ExecutionEngine] Discarded stale query from the query cache: CALL db.labels() YIELD label
WITH COLLECT(label) AS labels
RETURN 'labels' as a, labels as result
UNION
CALL db.relationshipTypes() YIELD relationshipType
WITH COLLECT(relationshipType) AS relationshipTypes
RETURN 'relationshipTypes'as a, relationshipTypes as result
UNION
CALL db.propertyKeys() YIELD propertyKey
WITH COLLECT(propertyKey) AS propertyKeys
RETURN 'propertyKeys' as a, propertyKeys as result
2017-05-23 13:11:47.569+0000 INFO  [o.n.c.i.CypherCompiler] Discarded stale query from the query cache: CALL db.labels() YIELD label
WITH COLLECT(label) AS labels
RETURN 'labels' as a, labels as result
UNION
CALL db.relationshipTypes() YIELD relationshipType
WITH COLLECT(relationshipType) AS relationshipTypes
RETURN 'relationshipTypes'as a, relationshipTypes as result
UNION
CALL db.propertyKeys() YIELD propertyKey
WITH COLLECT(propertyKey) AS propertyKeys
RETURN 'propertyKeys' as a, propertyKeys as result
2017-05-23 13:15:25.589+0000 INFO  [o.n.k.i.t.l.c.CheckPointerImpl] Check Pointing triggered by scheduler for time threshold [13]:  Starting check pointing...
2017-05-23 13:15:25.589+0000 INFO  [o.n.k.i.t.l.c.CheckPointerImpl] Check Pointing triggered by scheduler for time threshold [13]:  Starting store flush...
2017-05-23 13:15:25.942+0000 INFO  [o.n.k.i.s.c.CountsTracker] About to rotate counts store at transaction 13 to [D:\Data engi python\From scratch 2\neostore.counts.db.b], from [D:\Data engi python\From scratch 2\neostore.counts.db.a].
2017-05-23 13:15:25.959+0000 INFO  [o.n.k.i.s.c.CountsTracker] Successfully rotated counts store at transaction 13 to [D:\Data engi python\From scratch 2\neostore.counts.db.b], from [D:\Data engi python\From scratch 2\neostore.counts.db.a].
2017-05-23 13:15:26.051+0000 INFO  [o.n.k.i.t.l.c.CheckPointerImpl] Check Pointing triggered by scheduler for time threshold [13]:  Store flush completed
2017-05-23 13:15:26.051+0000 INFO  [o.n.k.i.t.l.c.CheckPointerImpl] Check Pointing triggered by scheduler for time threshold [13]:  Starting appending check point entry into the tx log...
2017-05-23 13:15:26.056+0000 INFO  [o.n.k.i.t.l.c.CheckPointerImpl] Check Pointing triggered by scheduler for time threshold [13]:  Appending check point entry into the tx log completed
2017-05-23 13:15:26.057+0000 INFO  [o.n.k.i.t.l.c.CheckPointerImpl] Check Pointing triggered by scheduler for time threshold [13]:  Check pointing completed
2017-05-23 13:15:26.057+0000 INFO  [o.n.k.i.t.l.p.LogPruningImpl] Log Rotation [0]:  Starting log pruning.
2017-05-23 13:15:26.057+0000 INFO  [o.n.k.i.t.l.p.LogPruningImpl] Log Rotation [0]:  Log pruning complete.
2017-05-23 13:20:26.101+0000 INFO  [o.n.k.i.t.l.c.CheckPointerImpl] Check Pointing triggered by scheduler for time threshold [23]:  Starting check pointing...
2017-05-23 13:20:26.101+0000 INFO  [o.n.k.i.t.l.c.CheckPointerImpl] Check Pointing triggered by scheduler for time threshold [23]:  Starting store flush...
2017-05-23 13:20:26.121+0000 INFO  [o.n.k.i.s.c.CountsTracker] About to rotate counts store at transaction 23 to [D:\Data engi python\From scratch 2\neostore.counts.db.a], from [D:\Data engi python\From scratch 2\neostore.counts.db.b].
2017-05-23 13:20:26.123+0000 INFO  [o.n.k.i.s.c.CountsTracker] Successfully rotated counts store at transaction 23 to [D:\Data engi python\From scratch 2\neostore.counts.db.a], from [D:\Data engi python\From scratch 2\neostore.counts.db.b].
2017-05-23 13:20:26.146+0000 INFO  [o.n.k.i.t.l.c.CheckPointerImpl] Check Pointing triggered by scheduler for time threshold [23]:  Store flush completed
2017-05-23 13:20:26.146+0000 INFO  [o.n.k.i.t.l.c.CheckPointerImpl] Check Pointing triggered by scheduler for time threshold [23]:  Starting appending check point entry into the tx log...
2017-05-23 13:20:26.147+0000 INFO  [o.n.k.i.t.l.c.CheckPointerImpl] Check Pointing triggered by scheduler for time threshold [23]:  Appending check point entry into the tx log completed
2017-05-23 13:20:26.147+0000 INFO  [o.n.k.i.t.l.c.CheckPointerImpl] Check Pointing triggered by scheduler for time threshold [23]:  Check pointing completed
2017-05-23 13:20:26.147+0000 INFO  [o.n.k.i.t.l.p.LogPruningImpl] Log Rotation [0]:  Starting log pruning.
2017-05-23 13:20:26.147+0000 INFO  [o.n.k.i.t.l.p.LogPruningImpl] Log Rotation [0]:  Log pruning complete.
2017-05-23 13:25:26.193+0000 INFO  [o.n.k.i.t.l.c.CheckPointerImpl] Check Pointing triggered by scheduler for time threshold [63]:  Starting check pointing...
2017-05-23 13:25:26.194+0000 INFO  [o.n.k.i.t.l.c.CheckPointerImpl] Check Pointing triggered by scheduler for time threshold [63]:  Starting store flush...
2017-05-23 13:25:26.214+0000 INFO  [o.n.k.i.s.c.CountsTracker] About to rotate counts store at transaction 63 to [D:\Data engi python\From scratch 2\neostore.counts.db.b], from [D:\Data engi python\From scratch 2\neostore.counts.db.a].
2017-05-23 13:25:26.217+0000 INFO  [o.n.k.i.s.c.CountsTracker] Successfully rotated counts store at transaction 63 to [D:\Data engi python\From scratch 2\neostore.counts.db.b], from [D:\Data engi python\From scratch 2\neostore.counts.db.a].
2017-05-23 13:25:26.240+0000 INFO  [o.n.k.i.t.l.c.CheckPointerImpl] Check Pointing triggered by scheduler for time threshold [63]:  Store flush completed
2017-05-23 13:25:26.240+0000 INFO  [o.n.k.i.t.l.c.CheckPointerImpl] Check Pointing triggered by scheduler for time threshold [63]:  Starting appending check point entry into the tx log...
2017-05-23 13:25:26.241+0000 INFO  [o.n.k.i.t.l.c.CheckPointerImpl] Check Pointing triggered by scheduler for time threshold [63]:  Appending check point entry into the tx log completed
2017-05-23 13:25:26.241+0000 INFO  [o.n.k.i.t.l.c.CheckPointerImpl] Check Pointing triggered by scheduler for time threshold [63]:  Check pointing completed
2017-05-23 13:25:26.241+0000 INFO  [o.n.k.i.t.l.p.LogPruningImpl] Log Rotation [0]:  Starting log pruning.
2017-05-23 13:25:26.242+0000 INFO  [o.n.k.i.t.l.p.LogPruningImpl] Log Rotation [0]:  Log pruning complete.
2017-05-23 13:30:26.293+0000 INFO  [o.n.k.i.t.l.c.CheckPointerImpl] Check Pointing triggered by scheduler for time threshold [105]:  Starting check pointing...
2017-05-23 13:30:26.293+0000 INFO  [o.n.k.i.t.l.c.CheckPointerImpl] Check Pointing triggered by scheduler for time threshold [105]:  Starting store flush...
2017-05-23 13:30:26.361+0000 INFO  [o.n.k.i.s.c.CountsTracker] About to rotate counts store at transaction 105 to [D:\Data engi python\From scratch 2\neostore.counts.db.a], from [D:\Data engi python\From scratch 2\neostore.counts.db.b].
2017-05-23 13:30:26.363+0000 INFO  [o.n.k.i.s.c.CountsTracker] Successfully rotated counts store at transaction 105 to [D:\Data engi python\From scratch 2\neostore.counts.db.a], from [D:\Data engi python\From scratch 2\neostore.counts.db.b].
2017-05-23 13:30:26.390+0000 INFO  [o.n.k.i.t.l.c.CheckPointerImpl] Check Pointing triggered by scheduler for time threshold [105]:  Store flush completed
2017-05-23 13:30:26.390+0000 INFO  [o.n.k.i.t.l.c.CheckPointerImpl] Check Pointing triggered by scheduler for time threshold [105]:  Starting appending check point entry into the tx log...
2017-05-23 13:30:26.390+0000 INFO  [o.n.k.i.t.l.c.CheckPointerImpl] Check Pointing triggered by scheduler for time threshold [105]:  Appending check point entry into the tx log completed
2017-05-23 13:30:26.390+0000 INFO  [o.n.k.i.t.l.c.CheckPointerImpl] Check Pointing triggered by scheduler for time threshold [105]:  Check pointing completed
2017-05-23 13:30:26.390+0000 INFO  [o.n.k.i.t.l.p.LogPruningImpl] Log Rotation [0]:  Starting log pruning.
2017-05-23 13:30:26.391+0000 INFO  [o.n.k.i.t.l.p.LogPruningImpl] Log Rotation [0]:  Log pruning complete.
